<?xml version="1.0" encoding="UTF-8"?>
<testsuites name="Mocha Tests" time="0.188" tests="3" failures="0">
  <testsuite name="Root Suite" timestamp="2025-08-28T19:59:47" tests="0" file="cypress/e2e/translation-service.cy.js" time="0.000" failures="0">
  </testsuite>
  <testsuite name="Translation Service E2E Tests" timestamp="2025-08-28T19:59:47" tests="3" time="0.186" failures="0">
    <testcase name="Translation Service E2E Tests should have healthy translation service" time="0.026" classname="should have healthy translation service">
    </testcase>
    <testcase name="Translation Service E2E Tests should return root endpoint" time="0.010" classname="should return root endpoint">
    </testcase>
    <testcase name="Translation Service E2E Tests should translate text from English to French" time="0.127" classname="should translate text from English to French">
    </testcase>
  </testsuite>
</testsuites>